[www.furyofthefur.com/index.html]
[backblue.gif]
[fade.gif]
[index.html]
[uploads-ssl.webflow.com/628b05a47521669b5f55ba68/css/fury-of-the-fur-nft.webflow.f06e462f5.min.css]
[uploads-ssl.webflow.com/628b05a47521669b5f55ba68/628c5f4d2a8d347936427086_favicon.png]
[uploads-ssl.webflow.com/628b05a47521669b5f55ba68/628c5f4f8df42cf0dfd044d3_faviconlarge.png]
[uploads-ssl.webflow.com/628b05a47521669b5f55ba68/628c0cada60bdb592c823813_newroleicon.png]
[uploads-ssl.webflow.com/628b05a47521669b5f55ba68/6297d3add5fbc96438e92dac_sitelogo-mainheader.png]
[uploads-ssl.webflow.com/628b05a47521669b5f55ba68/628c12a71f8d186afdcfe10e_fotftwo.png]
[uploads-ssl.webflow.com/628b05a47521669b5f55ba68/628c156cf8543cc799929f7f_419.png]
[uploads-ssl.webflow.com/628b05a47521669b5f55ba68/628c133dfdac4a67b6662ff6_2615.png]
[uploads-ssl.webflow.com/628b05a47521669b5f55ba68/628c0f3ff8e40f70d424b1b0_1198.png]
[uploads-ssl.webflow.com/628b05a47521669b5f55ba68/628c0eca60eaef73e2ae7e56_1617.png]
[uploads-ssl.webflow.com/628b05a47521669b5f55ba68/628c12b187c79bf291ef3c3d_fotf.png]
[uploads-ssl.webflow.com/628b05a47521669b5f55ba68/628c1577ca733cd62957b4a9_116.png]
[uploads-ssl.webflow.com/628b05a47521669b5f55ba68/628c1582b58c3b2c97674142_2439.png]
[uploads-ssl.webflow.com/628b05a47521669b5f55ba68/628c1561aa5b8ccac0b78bc1_2779.png]
[uploads-ssl.webflow.com/628b05a47521669b5f55ba68/628c14051fd1cd3910e8bb6a_285.png]
[uploads-ssl.webflow.com/628b05a47521669b5f55ba68/628c12c1e0f0af670fe9b90e_2127.png]
[uploads-ssl.webflow.com/628b05a47521669b5f55ba68/62980b778b54153af9766173_website.gif]
[uploads-ssl.webflow.com/628b05a47521669b5f55ba68/62cf338fb92904a5668de4f4_MeettheTeam_Aaron.jpg]
[uploads-ssl.webflow.com/628b05a47521669b5f55ba68/62cf38a2ad29ebdb45e040ea_MeettheTeam_Unicorn.jpg]
[uploads-ssl.webflow.com/628b05a47521669b5f55ba68/62cf3d9b2c907a744bca4d1b_unnamed.png]
[uploads-ssl.webflow.com/628b05a47521669b5f55ba68/628e9075f3b292ccc914561d_chewies.png]
[uploads-ssl.webflow.com/628b05a47521669b5f55ba68/6294eeccd38c98061c1e75a8_Holders-Mint.png]
[d3e54v103j8qbb.cloudfront.net/js/jquery-3.5.1.min.dc5e7f18c8e572.js]
[www.furyofthefur.com/index.html]
[uploads-ssl.webflow.com/628b05a47521669b5f55ba68/js/webflow.49c49d9fb.js]
[uploads-ssl.webflow.com/628b05a47521669b5f55ba68/628b05a5752166410855bac5_diagrams.png]
[uploads-ssl.webflow.com/628b05a47521669b5f55ba68/628c6af49df5ebb7a58bce14_Image Background.png]
[uploads-ssl.webflow.com/628b05a47521669b5f55ba68/628c7a449e189c65361b237b_Logomark-Transparent White.png]
[uploads-ssl.webflow.com/628b05a47521669b5f55ba68/62c752f87e97f095842d53d4_building-web-logo-wy.png]
[uploads-ssl.webflow.com/628b05a47521669b5f55ba68/62c759f9db6a10693d9e6680_Discord-Logo-White-1024x780.png]
[uploads-ssl.webflow.com/628b05a47521669b5f55ba68/62c75a5bf58afbc09cde6064_twitter-xxl.png]
[uploads-ssl.webflow.com/628b05a47521669b5f55ba68/62c75b6769abf9e0df9bfc6d_tiktok.png]
[uploads-ssl.webflow.com/628b05a47521669b5f55ba68/62d1d6a03d6b10031c248fdf_unnamed.png]
[uploads-ssl.webflow.com/628b05a47521669b5f55ba68/css/fury-of-the-fur-nft.webflow.f06e462f5.min.css]
[nftcomponents.vercel.app/static/js/main.js]
[nftcomponents.vercel.app/static/css/main.css]
[ajax.googleapis.com/ajax/libs/webfont/1.6.26/webfont.js]
[www.furyofthefur.com/generate-your-honey]
